<?xml version='1.0' encoding='UTF-8'?>
<testsuite name="Cucumber" time="70.608" tests="1" skipped="0" failures="1" errors="0">
<testcase classname="Login page" name="Login to HrOne" time="70.418">
<failure type="org.openqa.selenium.TimeoutException" message="Expected condition failed: waiting for number of elements found by By.id: hrone-username to be less than &quot;1&quot;. Current number: &quot;1&quot; (tried for 60 second(s) with 500 milliseconds interval)&#xa;Build info: version: '4.10.0', revision: 'c14d967899'&#xa;System info: os.name: 'Mac OS X', os.arch: 'x86_64', os.version: '12.6.8', java.version: '20.0.1'&#xa;Driver info: org.openqa.selenium.chrome.ChromeDriver&#xa;Capabilities {acceptInsecureCerts: false, browserName: chrome, browserVersion: 115.0.5790.170, chrome: {chromedriverVersion: 114.0.5735.90 (386bc09e8f4f..., userDataDir: /var/folders/z0/4tbh4gr536v...}, goog:chromeOptions: {debuggerAddress: localhost:50732}, networkConnectionEnabled: false, pageLoadStrategy: normal, platformName: mac, proxy: Proxy(), se:cdp: ws://localhost:50732/devtoo..., se:cdpVersion: 115.0.5790.170, setWindowRect: true, strictFileInteractability: false, timeouts: {implicit: 0, pageLoad: 300000, script: 30000}, unhandledPromptBehavior: dismiss and notify, webauthn:extension:credBlob: true, webauthn:extension:largeBlob: true, webauthn:extension:minPinLength: true, webauthn:extension:prf: true, webauthn:virtualAuthenticators: true}&#xa;Session ID: 2b1d82b4ca633fbce3f9cf743a384cf0">
<![CDATA[org.openqa.selenium.TimeoutException: Expected condition failed: waiting for number of elements found by By.id: hrone-username to be less than "1". Current number: "1" (tried for 60 second(s) with 500 milliseconds interval)
Build info: version: '4.10.0', revision: 'c14d967899'
System info: os.name: 'Mac OS X', os.arch: 'x86_64', os.version: '12.6.8', java.version: '20.0.1'
Driver info: org.openqa.selenium.chrome.ChromeDriver
Capabilities {acceptInsecureCerts: false, browserName: chrome, browserVersion: 115.0.5790.170, chrome: {chromedriverVersion: 114.0.5735.90 (386bc09e8f4f..., userDataDir: /var/folders/z0/4tbh4gr536v...}, goog:chromeOptions: {debuggerAddress: localhost:50732}, networkConnectionEnabled: false, pageLoadStrategy: normal, platformName: mac, proxy: Proxy(), se:cdp: ws://localhost:50732/devtoo..., se:cdpVersion: 115.0.5790.170, setWindowRect: true, strictFileInteractability: false, timeouts: {implicit: 0, pageLoad: 300000, script: 30000}, unhandledPromptBehavior: dismiss and notify, webauthn:extension:credBlob: true, webauthn:extension:largeBlob: true, webauthn:extension:minPinLength: true, webauthn:extension:prf: true, webauthn:virtualAuthenticators: true}
Session ID: 2b1d82b4ca633fbce3f9cf743a384cf0
	at org.openqa.selenium.support.ui.WebDriverWait.timeoutException(WebDriverWait.java:87)
	at org.openqa.selenium.support.ui.FluentWait.until(FluentWait.java:231)
	at com.hrOne.pages.LoginPage.enterUsername(LoginPage.java:44)
	at steps.LoginSteps.userEntersUsername(LoginSteps.java:42)
	at âœ½.user clicks on username field and enters username(file:///Users/bharathshenoy/hrone-cucumber/src/test/resources/features/login.feature:9)
]]>
</failure>
<system-out><![CDATA[
Given user enters the HrOne website url.....................................passed
When user is in hrOne login page............................................passed
And user clicks on username field and enters username.......................failed
And user clicks on Next button..............................................skipped
And user clicks on password field and enters password.......................skipped
And user clicks on Login button.............................................skipped
Then user will be taken to HrOne one home page..............................skipped
]]></system-out>
</testcase>
</testsuite>
